Using pre-set license
Built from '2020.2/staging' branch; Version is '2020.2.0b14 (dc0b50340a64) revision 14420816'; Using compiler version '192528614'; Build Type 'Release'
OS: 'Windows 10  (10.0.0) 64bit' Language: 'fr' Physical Memory: 6032 MB
BatchMode: 1, IsHumanControllingUs: 0, StartBugReporterOnCrash: 0, Is64bit: 1, IsPro: 0

 COMMAND LINE ARGUMENTS:
D:\apps\Unity\2020.2.0b14\Editor\Unity.exe
-adb2
-batchMode
-noUpm
-name
AssetImportWorker0
-projectPath
D:/projets/Unity/2d/unity-tilemap-experiments/tilemap-experiments
-logFile
Logs/AssetImportWorker0.log
-srvPort
50934
Successfully changed project path to: D:/projets/Unity/2d/unity-tilemap-experiments/tilemap-experiments
D:/projets/Unity/2d/unity-tilemap-experiments/tilemap-experiments
Using Asset Import Pipeline V2.
Refreshing native plugins compatible for Editor in 61.11 ms, found 1 plugins.
Preloading 0 native plugins for Editor in 0.00 ms.
Initialize engine version: 2020.2.0b14 (dc0b50340a64)
[Subsystems] Discovering subsystems at path D:/apps/Unity/2020.2.0b14/Editor/Data/Resources/UnitySubsystems
[Subsystems] Discovering subsystems at path D:/projets/Unity/2d/unity-tilemap-experiments/tilemap-experiments/Assets
GfxDevice: creating device client; threaded=0
Direct3D:
    Version:  Direct3D 11.0 [level 11.0]
    Renderer: NVIDIA GeForce GTX 950M (ID=0x139a)
    Vendor:   
    VRAM:     4065 MB
    Driver:   23.21.13.8857
Initialize mono
Mono path[0] = 'D:/apps/Unity/2020.2.0b14/Editor/Data/Managed'
Mono path[1] = 'D:/apps/Unity/2020.2.0b14/Editor/Data/MonoBleedingEdge/lib/mono/unityjit'
Mono config path = 'D:/apps/Unity/2020.2.0b14/Editor/Data/MonoBleedingEdge/etc'
Using monoOptions --debugger-agent=transport=dt_socket,embedding=1,server=y,suspend=n,address=127.0.0.1:56176
Begin MonoManager ReloadAssembly
Registering precompiled unity dll's ...
Register platform support module: D:/apps/Unity/2020.2.0b14/Editor/Data/PlaybackEngines/WebGLSupport/UnityEditor.WebGL.Extensions.dll
Register platform support module: D:/apps/Unity/2020.2.0b14/Editor/Data/PlaybackEngines/WindowsStandaloneSupport/UnityEditor.WindowsStandalone.Extensions.dll
Registered in 0.001282 seconds.
Native extension for WindowsStandalone target not found
Native extension for WebGL target not found
Refreshing native plugins compatible for Editor in 47.76 ms, found 1 plugins.
Preloading 0 native plugins for Editor in 0.00 ms.
Invoked RoslynAnalysisRunner static constructor.
RoslynAnalysisRunner will not be running.
RoslynAnalysisRunner has terminated.
Mono: successfully reloaded assembly
- Completed reload, in  1.859 seconds
Platform modules already initialized, skipping
Registering precompiled user dll's ...
Registered in 0.000966 seconds.
Begin MonoManager ReloadAssembly
Error: Could not load signature of Unity.Android.Logcat.AndroidLogcat:.ctor due to: Could not load file or assembly 'UnityEditor.Android.Extensions, Version=1.0.0.0, Culture=neutral, PublicKeyToken=null' or one of its dependencies. assembly:UnityEditor.Android.Extensions, Version=1.0.0.0, Culture=neutral, PublicKeyToken=null type:<unknown type> member:(null) signature:<none>
0x00007ff71d648d9c (Unity) StackWalker::GetCurrentCallstack
0x00007ff71d651179 (Unity) StackWalker::ShowCallstack
0x00007ff71eb1e7ec (Unity) GetStacktrace
0x00007ff71fbd6483 (Unity) DebugStringToFile
0x00007ff71d46f98b (Unity) ScanForAttributesAndInterfaceImplementations
0x00007ff71d4830ca (Unity) MonoManager::EndReloadAssembly
0x00007ff71d48a449 (Unity) MonoManager::ReloadAssembly
0x00007ff71e82d7c1 (Unity) LoadDomainAndUserAssemblies
0x00007ff71e82dc77 (Unity) LoadUserAssemblies
0x00007ff71e1b5916 (Unity) Application::InitializeProject
0x00007ff71eb2bd82 (Unity) WinMain
0x00007ff72096ac56 (Unity) __scrt_common_main_seh
0x00007fffb2017c24 (KERNEL32) BaseThreadInitThunk
0x00007fffb364d721 (ntdll) RtlUserThreadStart

Unloading broken assembly Library/ScriptAssemblies/Unity.Mobile.AndroidLogcat.Editor.dll, this assembly can cause crashes in the runtime
0x00007ff71d648d9c (Unity) StackWalker::GetCurrentCallstack
0x00007ff71d651179 (Unity) StackWalker::ShowCallstack
0x00007ff71eb1e7ec (Unity) GetStacktrace
0x00007ff71fbd6483 (Unity) DebugStringToFile
0x00007ff71d48c020 (Unity) MonoManager::SetupLoadedEditorAssemblies
0x00007ff71d48341c (Unity) MonoManager::EndReloadAssembly
0x00007ff71d48a449 (Unity) MonoManager::ReloadAssembly
0x00007ff71e82d7c1 (Unity) LoadDomainAndUserAssemblies
0x00007ff71e82dc77 (Unity) LoadUserAssemblies
0x00007ff71e1b5916 (Unity) Application::InitializeProject
0x00007ff71eb2bd82 (Unity) WinMain
0x00007ff72096ac56 (Unity) __scrt_common_main_seh
0x00007fffb2017c24 (KERNEL32) BaseThreadInitThunk
0x00007fffb364d721 (ntdll) RtlUserThreadStart

Native extension for WindowsStandalone target not found
Native extension for WebGL target not found
Refreshing native plugins compatible for Editor in 46.53 ms, found 1 plugins.
Preloading 0 native plugins for Editor in 0.00 ms.
Invoked RoslynAnalysisRunner static constructor.
RoslynAnalysisRunner will not be running.
RoslynAnalysisRunner has terminated.
Mono: successfully reloaded assembly
- Completed reload, in 20.803 seconds
Platform modules already initialized, skipping
========================================================================
Worker process is ready to serve import requests
Launched and connected shader compiler UnityShaderCompiler.exe after 0.05 seconds
Refreshing native plugins compatible for Editor in 0.54 ms, found 1 plugins.
Preloading 0 native plugins for Editor in 0.00 ms.
Unloading 1910 Unused Serialized files (Serialized files now loaded: 0)
System memory in use before: 89.1 MB.
System memory in use after: 89.2 MB.

Unloading 32 unused Assets to reduce memory usage. Loaded Objects now: 2343.
Total: 2.862400 ms (FindLiveObjects: 0.256700 ms CreateObjectMapping: 0.106300 ms MarkObjects: 2.417200 ms  DeleteObjects: 0.081000 ms)

========================================================================
Received Import Request.
  path: Assets/Grid/CustomGrid
  artifactKey: Guid(c06e118889e41d0428ab037151b543ff) Importer(815301076,1909f56bfc062723c751e8b465ee728b)
Start importing Assets/Grid/CustomGrid using Guid(c06e118889e41d0428ab037151b543ff) Importer(815301076,1909f56bfc062723c751e8b465ee728b)  -> (artifact id: '691c21499eac2ed2a0f0ddfd407828d2') in 0.039523 seconds
  Import took 0.043264 seconds .

========================================================================
Received Prepare
Registering precompiled user dll's ...
Registered in 0.011652 seconds.
Begin MonoManager ReloadAssembly
Error: Could not load signature of Unity.Android.Logcat.AndroidLogcat:.ctor due to: Could not load file or assembly 'UnityEditor.Android.Extensions, Version=1.0.0.0, Culture=neutral, PublicKeyToken=null' or one of its dependencies. assembly:UnityEditor.Android.Extensions, Version=1.0.0.0, Culture=neutral, PublicKeyToken=null type:<unknown type> member:(null) signature:<none>
0x00007ff71d648d9c (Unity) StackWalker::GetCurrentCallstack
0x00007ff71d651179 (Unity) StackWalker::ShowCallstack
0x00007ff71eb1e7ec (Unity) GetStacktrace
0x00007ff71fbd6483 (Unity) DebugStringToFile
0x00007ff71d46f98b (Unity) ScanForAttributesAndInterfaceImplementations
0x00007ff71d4830ca (Unity) MonoManager::EndReloadAssembly
0x00007ff71d48a449 (Unity) MonoManager::ReloadAssembly
0x00007ff71e82d7c1 (Unity) LoadDomainAndUserAssemblies
0x00007ff71e82dc77 (Unity) LoadUserAssemblies
0x00007ff71ec50b58 (Unity) <lambda_7a4e346ad56c093be607e8c3dc54f69c>::operator()
0x00007ff71ed150a2 (Unity) asio::detail::completion_handler<core::mutable_function<void __cdecl(void)> >::do_complete
0x00007ff71ed17200 (Unity) asio::detail::win_iocp_io_service::do_one
0x00007ff71ed1a98e (Unity) asio::io_service::run
0x00007ff71ec96e40 (Unity) RunAssetImportWorkerClientV2
0x00007ff71ec96e90 (Unity) RunAssetImporterV2
0x00007ff71e1b591b (Unity) Application::InitializeProject
0x00007ff71eb2bd82 (Unity) WinMain
0x00007ff72096ac56 (Unity) __scrt_common_main_seh
0x00007fffb2017c24 (KERNEL32) BaseThreadInitThunk
0x00007fffb364d721 (ntdll) RtlUserThreadStart

Unloading broken assembly Library/ScriptAssemblies/Unity.Mobile.AndroidLogcat.Editor.dll, this assembly can cause crashes in the runtime
0x00007ff71d648d9c (Unity) StackWalker::GetCurrentCallstack
0x00007ff71d651179 (Unity) StackWalker::ShowCallstack
0x00007ff71eb1e7ec (Unity) GetStacktrace
0x00007ff71fbd6483 (Unity) DebugStringToFile
0x00007ff71d48c020 (Unity) MonoManager::SetupLoadedEditorAssemblies
0x00007ff71d48341c (Unity) MonoManager::EndReloadAssembly
0x00007ff71d48a449 (Unity) MonoManager::ReloadAssembly
0x00007ff71e82d7c1 (Unity) LoadDomainAndUserAssemblies
0x00007ff71e82dc77 (Unity) LoadUserAssemblies
0x00007ff71ec50b58 (Unity) <lambda_7a4e346ad56c093be607e8c3dc54f69c>::operator()
0x00007ff71ed150a2 (Unity) asio::detail::completion_handler<core::mutable_function<void __cdecl(void)> >::do_complete
0x00007ff71ed17200 (Unity) asio::detail::win_iocp_io_service::do_one
0x00007ff71ed1a98e (Unity) asio::io_service::run
0x00007ff71ec96e40 (Unity) RunAssetImportWorkerClientV2
0x00007ff71ec96e90 (Unity) RunAssetImporterV2
0x00007ff71e1b591b (Unity) Application::InitializeProject
0x00007ff71eb2bd82 (Unity) WinMain
0x00007ff72096ac56 (Unity) __scrt_common_main_seh
0x00007fffb2017c24 (KERNEL32) BaseThreadInitThunk
0x00007fffb364d721 (ntdll) RtlUserThreadStart

Native extension for WindowsStandalone target not found
Native extension for WebGL target not found
Refreshing native plugins compatible for Editor in 1.36 ms, found 1 plugins.
Preloading 0 native plugins for Editor in 0.00 ms.
Invoked RoslynAnalysisRunner static constructor.
RoslynAnalysisRunner will not be running.
RoslynAnalysisRunner has terminated.
Mono: successfully reloaded assembly
- Completed reload, in  1.733 seconds
Platform modules already initialized, skipping
Refreshing native plugins compatible for Editor in 0.66 ms, found 1 plugins.
Preloading 0 native plugins for Editor in 0.00 ms.
Unloading 1890 Unused Serialized files (Serialized files now loaded: 0)
System memory in use before: 87.8 MB.
System memory in use after: 87.9 MB.

Unloading 21 unused Assets to reduce memory usage. Loaded Objects now: 2345.
Total: 2.268700 ms (FindLiveObjects: 0.206900 ms CreateObjectMapping: 0.089100 ms MarkObjects: 1.949400 ms  DeleteObjects: 0.022000 ms)

========================================================================
Received Import Request.
  Time since last request: 656.574428 seconds.
  path: Assets/Grid/GenericGrid
  artifactKey: Guid(20e9ab1e7227d0842ab105558c850ab6) Importer(815301076,1909f56bfc062723c751e8b465ee728b)
Start importing Assets/Grid/GenericGrid using Guid(20e9ab1e7227d0842ab105558c850ab6) Importer(815301076,1909f56bfc062723c751e8b465ee728b)  -> (artifact id: '4d9dc235e532b897d3715b6e75041d10') in 0.012146 seconds
  Import took 0.015978 seconds .

========================================================================
Received Import Request.
  Time since last request: 126.543308 seconds.
  path: Assets/Scripts/GridUsingGenericsTesting.cs
  artifactKey: Guid(b0e8d7792bc92154a80411bf1ec179d2) Importer(815301076,1909f56bfc062723c751e8b465ee728b)
Start importing Assets/Scripts/GridUsingGenericsTesting.cs using Guid(b0e8d7792bc92154a80411bf1ec179d2) Importer(815301076,1909f56bfc062723c751e8b465ee728b)  -> (artifact id: 'b15c555ef2721bcbac45662a230db12b') in 0.209787 seconds
  Import took 0.214281 seconds .

========================================================================
Received Prepare
Registering precompiled user dll's ...
Registered in 0.001061 seconds.
Begin MonoManager ReloadAssembly
Error: Could not load signature of Unity.Android.Logcat.AndroidLogcat:.ctor due to: Could not load file or assembly 'UnityEditor.Android.Extensions, Version=1.0.0.0, Culture=neutral, PublicKeyToken=null' or one of its dependencies. assembly:UnityEditor.Android.Extensions, Version=1.0.0.0, Culture=neutral, PublicKeyToken=null type:<unknown type> member:(null) signature:<none>
0x00007ff71d648d9c (Unity) StackWalker::GetCurrentCallstack
0x00007ff71d651179 (Unity) StackWalker::ShowCallstack
0x00007ff71eb1e7ec (Unity) GetStacktrace
0x00007ff71fbd6483 (Unity) DebugStringToFile
0x00007ff71d46f98b (Unity) ScanForAttributesAndInterfaceImplementations
0x00007ff71d4830ca (Unity) MonoManager::EndReloadAssembly
0x00007ff71d48a449 (Unity) MonoManager::ReloadAssembly
0x00007ff71e82d7c1 (Unity) LoadDomainAndUserAssemblies
0x00007ff71e82dc77 (Unity) LoadUserAssemblies
0x00007ff71ec50b58 (Unity) <lambda_7a4e346ad56c093be607e8c3dc54f69c>::operator()
0x00007ff71ed150a2 (Unity) asio::detail::completion_handler<core::mutable_function<void __cdecl(void)> >::do_complete
0x00007ff71ed17200 (Unity) asio::detail::win_iocp_io_service::do_one
0x00007ff71ed1a98e (Unity) asio::io_service::run
0x00007ff71ec96e40 (Unity) RunAssetImportWorkerClientV2
0x00007ff71ec96e90 (Unity) RunAssetImporterV2
0x00007ff71e1b591b (Unity) Application::InitializeProject
0x00007ff71eb2bd82 (Unity) WinMain
0x00007ff72096ac56 (Unity) __scrt_common_main_seh
0x00007fffb2017c24 (KERNEL32) BaseThreadInitThunk
0x00007fffb364d721 (ntdll) RtlUserThreadStart

Unloading broken assembly Library/ScriptAssemblies/Unity.Mobile.AndroidLogcat.Editor.dll, this assembly can cause crashes in the runtime
0x00007ff71d648d9c (Unity) StackWalker::GetCurrentCallstack
0x00007ff71d651179 (Unity) StackWalker::ShowCallstack
0x00007ff71eb1e7ec (Unity) GetStacktrace
0x00007ff71fbd6483 (Unity) DebugStringToFile
0x00007ff71d48c020 (Unity) MonoManager::SetupLoadedEditorAssemblies
0x00007ff71d48341c (Unity) MonoManager::EndReloadAssembly
0x00007ff71d48a449 (Unity) MonoManager::ReloadAssembly
0x00007ff71e82d7c1 (Unity) LoadDomainAndUserAssemblies
0x00007ff71e82dc77 (Unity) LoadUserAssemblies
0x00007ff71ec50b58 (Unity) <lambda_7a4e346ad56c093be607e8c3dc54f69c>::operator()
0x00007ff71ed150a2 (Unity) asio::detail::completion_handler<core::mutable_function<void __cdecl(void)> >::do_complete
0x00007ff71ed17200 (Unity) asio::detail::win_iocp_io_service::do_one
0x00007ff71ed1a98e (Unity) asio::io_service::run
0x00007ff71ec96e40 (Unity) RunAssetImportWorkerClientV2
0x00007ff71ec96e90 (Unity) RunAssetImporterV2
0x00007ff71e1b591b (Unity) Application::InitializeProject
0x00007ff71eb2bd82 (Unity) WinMain
0x00007ff72096ac56 (Unity) __scrt_common_main_seh
0x00007fffb2017c24 (KERNEL32) BaseThreadInitThunk
0x00007fffb364d721 (ntdll) RtlUserThreadStart

Native extension for WindowsStandalone target not found
Native extension for WebGL target not found
Refreshing native plugins compatible for Editor in 0.66 ms, found 1 plugins.
Preloading 0 native plugins for Editor in 0.00 ms.
Invoked RoslynAnalysisRunner static constructor.
RoslynAnalysisRunner will not be running.
RoslynAnalysisRunner has terminated.
Mono: successfully reloaded assembly
- Completed reload, in  1.298 seconds
Platform modules already initialized, skipping
Refreshing native plugins compatible for Editor in 0.62 ms, found 1 plugins.
Preloading 0 native plugins for Editor in 0.00 ms.
Unloading 1891 Unused Serialized files (Serialized files now loaded: 0)
System memory in use before: 88.0 MB.
System memory in use after: 88.1 MB.

Unloading 21 unused Assets to reduce memory usage. Loaded Objects now: 2347.
Total: 4.323200 ms (FindLiveObjects: 0.458300 ms CreateObjectMapping: 0.597500 ms MarkObjects: 3.239400 ms  DeleteObjects: 0.026800 ms)

========================================================================
Received Prepare
Registering precompiled user dll's ...
Registered in 0.000925 seconds.
Begin MonoManager ReloadAssembly
Error: Could not load signature of Unity.Android.Logcat.AndroidLogcat:.ctor due to: Could not load file or assembly 'UnityEditor.Android.Extensions, Version=1.0.0.0, Culture=neutral, PublicKeyToken=null' or one of its dependencies. assembly:UnityEditor.Android.Extensions, Version=1.0.0.0, Culture=neutral, PublicKeyToken=null type:<unknown type> member:(null) signature:<none>
0x00007ff71d648d9c (Unity) StackWalker::GetCurrentCallstack
0x00007ff71d651179 (Unity) StackWalker::ShowCallstack
0x00007ff71eb1e7ec (Unity) GetStacktrace
0x00007ff71fbd6483 (Unity) DebugStringToFile
0x00007ff71d46f98b (Unity) ScanForAttributesAndInterfaceImplementations
0x00007ff71d4830ca (Unity) MonoManager::EndReloadAssembly
0x00007ff71d48a449 (Unity) MonoManager::ReloadAssembly
0x00007ff71e82d7c1 (Unity) LoadDomainAndUserAssemblies
0x00007ff71e82dc77 (Unity) LoadUserAssemblies
0x00007ff71ec50b58 (Unity) <lambda_7a4e346ad56c093be607e8c3dc54f69c>::operator()
0x00007ff71ed150a2 (Unity) asio::detail::completion_handler<core::mutable_function<void __cdecl(void)> >::do_complete
0x00007ff71ed17200 (Unity) asio::detail::win_iocp_io_service::do_one
0x00007ff71ed1a98e (Unity) asio::io_service::run
0x00007ff71ec96e40 (Unity) RunAssetImportWorkerClientV2
0x00007ff71ec96e90 (Unity) RunAssetImporterV2
0x00007ff71e1b591b (Unity) Application::InitializeProject
0x00007ff71eb2bd82 (Unity) WinMain
0x00007ff72096ac56 (Unity) __scrt_common_main_seh
0x00007fffb2017c24 (KERNEL32) BaseThreadInitThunk
0x00007fffb364d721 (ntdll) RtlUserThreadStart

Unloading broken assembly Library/ScriptAssemblies/Unity.Mobile.AndroidLogcat.Editor.dll, this assembly can cause crashes in the runtime
0x00007ff71d648d9c (Unity) StackWalker::GetCurrentCallstack
0x00007ff71d651179 (Unity) StackWalker::ShowCallstack
0x00007ff71eb1e7ec (Unity) GetStacktrace
0x00007ff71fbd6483 (Unity) DebugStringToFile
0x00007ff71d48c020 (Unity) MonoManager::SetupLoadedEditorAssemblies
0x00007ff71d48341c (Unity) MonoManager::EndReloadAssembly
0x00007ff71d48a449 (Unity) MonoManager::ReloadAssembly
0x00007ff71e82d7c1 (Unity) LoadDomainAndUserAssemblies
0x00007ff71e82dc77 (Unity) LoadUserAssemblies
0x00007ff71ec50b58 (Unity) <lambda_7a4e346ad56c093be607e8c3dc54f69c>::operator()
0x00007ff71ed150a2 (Unity) asio::detail::completion_handler<core::mutable_function<void __cdecl(void)> >::do_complete
0x00007ff71ed17200 (Unity) asio::detail::win_iocp_io_service::do_one
0x00007ff71ed1a98e (Unity) asio::io_service::run
0x00007ff71ec96e40 (Unity) RunAssetImportWorkerClientV2
0x00007ff71ec96e90 (Unity) RunAssetImporterV2
0x00007ff71e1b591b (Unity) Application::InitializeProject
0x00007ff71eb2bd82 (Unity) WinMain
0x00007ff72096ac56 (Unity) __scrt_common_main_seh
0x00007fffb2017c24 (KERNEL32) BaseThreadInitThunk
0x00007fffb364d721 (ntdll) RtlUserThreadStart

Native extension for WindowsStandalone target not found
Native extension for WebGL target not found
Refreshing native plugins compatible for Editor in 0.65 ms, found 1 plugins.
Preloading 0 native plugins for Editor in 0.00 ms.
Invoked RoslynAnalysisRunner static constructor.
RoslynAnalysisRunner will not be running.
RoslynAnalysisRunner has terminated.
Mono: successfully reloaded assembly
- Completed reload, in  1.009 seconds
Platform modules already initialized, skipping
Refreshing native plugins compatible for Editor in 0.59 ms, found 1 plugins.
Preloading 0 native plugins for Editor in 0.00 ms.
Unloading 1891 Unused Serialized files (Serialized files now loaded: 0)
System memory in use before: 88.1 MB.
System memory in use after: 88.2 MB.

Unloading 21 unused Assets to reduce memory usage. Loaded Objects now: 2349.
Total: 2.209500 ms (FindLiveObjects: 0.203800 ms CreateObjectMapping: 0.088000 ms MarkObjects: 1.881000 ms  DeleteObjects: 0.035700 ms)

========================================================================
Received Import Request.
  Time since last request: 42.846312 seconds.
  path: Assets/Grid/GenericGrid/GenericGridTesting.cs
  artifactKey: Guid(b0e8d7792bc92154a80411bf1ec179d2) Importer(815301076,1909f56bfc062723c751e8b465ee728b)
Start importing Assets/Grid/GenericGrid/GenericGridTesting.cs using Guid(b0e8d7792bc92154a80411bf1ec179d2) Importer(815301076,1909f56bfc062723c751e8b465ee728b)  -> (artifact id: '1402e9499ee1dafa78ad72711b2947ca') in 0.010454 seconds
  Import took 0.014380 seconds .

========================================================================
Received Import Request.
  Time since last request: 0.036899 seconds.
  path: Assets/Grid/GenericGrid/GenericGridTesting.cs
  artifactKey: Guid(b0e8d7792bc92154a80411bf1ec179d2) Importer(815301076,1909f56bfc062723c751e8b465ee728b)
Start importing Assets/Grid/GenericGrid/GenericGridTesting.cs using Guid(b0e8d7792bc92154a80411bf1ec179d2) Importer(815301076,1909f56bfc062723c751e8b465ee728b)  -> (artifact id: '1402e9499ee1dafa78ad72711b2947ca') in 0.003610 seconds
  Import took 0.009660 seconds .

========================================================================
Received Import Request.
  Time since last request: 190.145131 seconds.
  path: Assets/Grid/GenericGrid/GenericGridTesting.cs
  artifactKey: Guid(b0e8d7792bc92154a80411bf1ec179d2) Importer(815301076,1909f56bfc062723c751e8b465ee728b)
Start importing Assets/Grid/GenericGrid/GenericGridTesting.cs using Guid(b0e8d7792bc92154a80411bf1ec179d2) Importer(815301076,1909f56bfc062723c751e8b465ee728b)  -> (artifact id: '92451502be702f6bfadc6850b2b20b9f') in 0.024830 seconds
  Import took 0.029553 seconds .

========================================================================
Received Import Request.
  Time since last request: 21.163517 seconds.
  path: Assets/Scripts/HeatmapVisualTesting.cs
  artifactKey: Guid(e21e5ec57e07fd8419d03082e8f9191e) Importer(815301076,1909f56bfc062723c751e8b465ee728b)
Start importing Assets/Scripts/HeatmapVisualTesting.cs using Guid(e21e5ec57e07fd8419d03082e8f9191e) Importer(815301076,1909f56bfc062723c751e8b465ee728b)  -> (artifact id: '967de6d827a9dd55dac015793c96b6c9') in 0.018836 seconds
  Import took 0.023072 seconds .

========================================================================
Received Prepare
Registering precompiled user dll's ...
Registered in 0.011747 seconds.
Begin MonoManager ReloadAssembly
Error: Could not load signature of Unity.Android.Logcat.AndroidLogcat:.ctor due to: Could not load file or assembly 'UnityEditor.Android.Extensions, Version=1.0.0.0, Culture=neutral, PublicKeyToken=null' or one of its dependencies. assembly:UnityEditor.Android.Extensions, Version=1.0.0.0, Culture=neutral, PublicKeyToken=null type:<unknown type> member:(null) signature:<none>
0x00007ff71d648d9c (Unity) StackWalker::GetCurrentCallstack
0x00007ff71d651179 (Unity) StackWalker::ShowCallstack
0x00007ff71eb1e7ec (Unity) GetStacktrace
0x00007ff71fbd6483 (Unity) DebugStringToFile
0x00007ff71d46f98b (Unity) ScanForAttributesAndInterfaceImplementations
0x00007ff71d4830ca (Unity) MonoManager::EndReloadAssembly
0x00007ff71d48a449 (Unity) MonoManager::ReloadAssembly
0x00007ff71e82d7c1 (Unity) LoadDomainAndUserAssemblies
0x00007ff71e82dc77 (Unity) LoadUserAssemblies
0x00007ff71ec50b58 (Unity) <lambda_7a4e346ad56c093be607e8c3dc54f69c>::operator()
0x00007ff71ed150a2 (Unity) asio::detail::completion_handler<core::mutable_function<void __cdecl(void)> >::do_complete
0x00007ff71ed17200 (Unity) asio::detail::win_iocp_io_service::do_one
0x00007ff71ed1a98e (Unity) asio::io_service::run
0x00007ff71ec96e40 (Unity) RunAssetImportWorkerClientV2
0x00007ff71ec96e90 (Unity) RunAssetImporterV2
0x00007ff71e1b591b (Unity) Application::InitializeProject
0x00007ff71eb2bd82 (Unity) WinMain
0x00007ff72096ac56 (Unity) __scrt_common_main_seh
0x00007fffb2017c24 (KERNEL32) BaseThreadInitThunk
0x00007fffb364d721 (ntdll) RtlUserThreadStart

Unloading broken assembly Library/ScriptAssemblies/Unity.Mobile.AndroidLogcat.Editor.dll, this assembly can cause crashes in the runtime
0x00007ff71d648d9c (Unity) StackWalker::GetCurrentCallstack
0x00007ff71d651179 (Unity) StackWalker::ShowCallstack
0x00007ff71eb1e7ec (Unity) GetStacktrace
0x00007ff71fbd6483 (Unity) DebugStringToFile
0x00007ff71d48c020 (Unity) MonoManager::SetupLoadedEditorAssemblies
0x00007ff71d48341c (Unity) MonoManager::EndReloadAssembly
0x00007ff71d48a449 (Unity) MonoManager::ReloadAssembly
0x00007ff71e82d7c1 (Unity) LoadDomainAndUserAssemblies
0x00007ff71e82dc77 (Unity) LoadUserAssemblies
0x00007ff71ec50b58 (Unity) <lambda_7a4e346ad56c093be607e8c3dc54f69c>::operator()
0x00007ff71ed150a2 (Unity) asio::detail::completion_handler<core::mutable_function<void __cdecl(void)> >::do_complete
0x00007ff71ed17200 (Unity) asio::detail::win_iocp_io_service::do_one
0x00007ff71ed1a98e (Unity) asio::io_service::run
0x00007ff71ec96e40 (Unity) RunAssetImportWorkerClientV2
0x00007ff71ec96e90 (Unity) RunAssetImporterV2
0x00007ff71e1b591b (Unity) Application::InitializeProject
0x00007ff71eb2bd82 (Unity) WinMain
0x00007ff72096ac56 (Unity) __scrt_common_main_seh
0x00007fffb2017c24 (KERNEL32) BaseThreadInitThunk
0x00007fffb364d721 (ntdll) RtlUserThreadStart

Native extension for WindowsStandalone target not found
Native extension for WebGL target not found
Refreshing native plugins compatible for Editor in 0.63 ms, found 1 plugins.
Preloading 0 native plugins for Editor in 0.00 ms.
Invoked RoslynAnalysisRunner static constructor.
RoslynAnalysisRunner will not be running.
RoslynAnalysisRunner has terminated.
Mono: successfully reloaded assembly
- Completed reload, in  1.170 seconds
Platform modules already initialized, skipping
Refreshing native plugins compatible for Editor in 0.59 ms, found 1 plugins.
Preloading 0 native plugins for Editor in 0.00 ms.
Unloading 1891 Unused Serialized files (Serialized files now loaded: 0)
System memory in use before: 88.5 MB.
System memory in use after: 88.6 MB.

Unloading 21 unused Assets to reduce memory usage. Loaded Objects now: 2354.
Total: 3.532900 ms (FindLiveObjects: 0.262900 ms CreateObjectMapping: 0.096100 ms MarkObjects: 3.129100 ms  DeleteObjects: 0.042700 ms)

========================================================================
Received Prepare
Registering precompiled user dll's ...
Registered in 0.000896 seconds.
Begin MonoManager ReloadAssembly
Error: Could not load signature of Unity.Android.Logcat.AndroidLogcat:.ctor due to: Could not load file or assembly 'UnityEditor.Android.Extensions, Version=1.0.0.0, Culture=neutral, PublicKeyToken=null' or one of its dependencies. assembly:UnityEditor.Android.Extensions, Version=1.0.0.0, Culture=neutral, PublicKeyToken=null type:<unknown type> member:(null) signature:<none>
0x00007ff71d648d9c (Unity) StackWalker::GetCurrentCallstack
0x00007ff71d651179 (Unity) StackWalker::ShowCallstack
0x00007ff71eb1e7ec (Unity) GetStacktrace
0x00007ff71fbd6483 (Unity) DebugStringToFile
0x00007ff71d46f98b (Unity) ScanForAttributesAndInterfaceImplementations
0x00007ff71d4830ca (Unity) MonoManager::EndReloadAssembly
0x00007ff71d48a449 (Unity) MonoManager::ReloadAssembly
0x00007ff71e82d7c1 (Unity) LoadDomainAndUserAssemblies
0x00007ff71e82dc77 (Unity) LoadUserAssemblies
0x00007ff71ec50b58 (Unity) <lambda_7a4e346ad56c093be607e8c3dc54f69c>::operator()
0x00007ff71ed150a2 (Unity) asio::detail::completion_handler<core::mutable_function<void __cdecl(void)> >::do_complete
0x00007ff71ed17200 (Unity) asio::detail::win_iocp_io_service::do_one
0x00007ff71ed1a98e (Unity) asio::io_service::run
0x00007ff71ec96e40 (Unity) RunAssetImportWorkerClientV2
0x00007ff71ec96e90 (Unity) RunAssetImporterV2
0x00007ff71e1b591b (Unity) Application::InitializeProject
0x00007ff71eb2bd82 (Unity) WinMain
0x00007ff72096ac56 (Unity) __scrt_common_main_seh
0x00007fffb2017c24 (KERNEL32) BaseThreadInitThunk
0x00007fffb364d721 (ntdll) RtlUserThreadStart

Unloading broken assembly Library/ScriptAssemblies/Unity.Mobile.AndroidLogcat.Editor.dll, this assembly can cause crashes in the runtime
0x00007ff71d648d9c (Unity) StackWalker::GetCurrentCallstack
0x00007ff71d651179 (Unity) StackWalker::ShowCallstack
0x00007ff71eb1e7ec (Unity) GetStacktrace
0x00007ff71fbd6483 (Unity) DebugStringToFile
0x00007ff71d48c020 (Unity) MonoManager::SetupLoadedEditorAssemblies
0x00007ff71d48341c (Unity) MonoManager::EndReloadAssembly
0x00007ff71d48a449 (Unity) MonoManager::ReloadAssembly
0x00007ff71e82d7c1 (Unity) LoadDomainAndUserAssemblies
0x00007ff71e82dc77 (Unity) LoadUserAssemblies
0x00007ff71ec50b58 (Unity) <lambda_7a4e346ad56c093be607e8c3dc54f69c>::operator()
0x00007ff71ed150a2 (Unity) asio::detail::completion_handler<core::mutable_function<void __cdecl(void)> >::do_complete
0x00007ff71ed17200 (Unity) asio::detail::win_iocp_io_service::do_one
0x00007ff71ed1a98e (Unity) asio::io_service::run
0x00007ff71ec96e40 (Unity) RunAssetImportWorkerClientV2
0x00007ff71ec96e90 (Unity) RunAssetImporterV2
0x00007ff71e1b591b (Unity) Application::InitializeProject
0x00007ff71eb2bd82 (Unity) WinMain
0x00007ff72096ac56 (Unity) __scrt_common_main_seh
0x00007fffb2017c24 (KERNEL32) BaseThreadInitThunk
0x00007fffb364d721 (ntdll) RtlUserThreadStart

Native extension for WindowsStandalone target not found
Native extension for WebGL target not found
Refreshing native plugins compatible for Editor in 0.63 ms, found 1 plugins.
Preloading 0 native plugins for Editor in 0.00 ms.
Invoked RoslynAnalysisRunner static constructor.
RoslynAnalysisRunner will not be running.
RoslynAnalysisRunner has terminated.
Mono: successfully reloaded assembly
- Completed reload, in  1.018 seconds
Platform modules already initialized, skipping
Refreshing native plugins compatible for Editor in 0.69 ms, found 1 plugins.
Preloading 0 native plugins for Editor in 0.00 ms.
Unloading 1891 Unused Serialized files (Serialized files now loaded: 0)
System memory in use before: 88.6 MB.
System memory in use after: 88.7 MB.

Unloading 21 unused Assets to reduce memory usage. Loaded Objects now: 2356.
Total: 3.088700 ms (FindLiveObjects: 0.649100 ms CreateObjectMapping: 0.195700 ms MarkObjects: 2.221000 ms  DeleteObjects: 0.021800 ms)

