Using pre-set license
Built from '2020.2/staging' branch; Version is '2020.2.0b14 (dc0b50340a64) revision 14420816'; Using compiler version '192528614'; Build Type 'Release'
OS: 'Windows 10  (10.0.0) 64bit' Language: 'fr' Physical Memory: 6032 MB
BatchMode: 1, IsHumanControllingUs: 0, StartBugReporterOnCrash: 0, Is64bit: 1, IsPro: 0

 COMMAND LINE ARGUMENTS:
D:\apps\Unity\2020.2.0b14\Editor\Unity.exe
-adb2
-batchMode
-noUpm
-name
AssetImportWorker5
-projectPath
D:/projets/Unity/2d/unity-tilemap-experiments/tilemap-experiments
-logFile
Logs/AssetImportWorker5.log
-srvPort
49219
Successfully changed project path to: D:/projets/Unity/2d/unity-tilemap-experiments/tilemap-experiments
D:/projets/Unity/2d/unity-tilemap-experiments/tilemap-experiments
Using Asset Import Pipeline V2.
Refreshing native plugins compatible for Editor in 494.14 ms, found 1 plugins.
Preloading 0 native plugins for Editor in 0.00 ms.
Initialize engine version: 2020.2.0b14 (dc0b50340a64)
[Subsystems] Discovering subsystems at path D:/apps/Unity/2020.2.0b14/Editor/Data/Resources/UnitySubsystems
[Subsystems] Discovering subsystems at path D:/projets/Unity/2d/unity-tilemap-experiments/tilemap-experiments/Assets
GfxDevice: creating device client; threaded=0
Direct3D:
    Version:  Direct3D 11.0 [level 11.0]
    Renderer: NVIDIA GeForce GTX 950M (ID=0x139a)
    Vendor:   
    VRAM:     4065 MB
    Driver:   23.21.13.8857
Initialize mono
Mono path[0] = 'D:/apps/Unity/2020.2.0b14/Editor/Data/Managed'
Mono path[1] = 'D:/apps/Unity/2020.2.0b14/Editor/Data/MonoBleedingEdge/lib/mono/unityjit'
Mono config path = 'D:/apps/Unity/2020.2.0b14/Editor/Data/MonoBleedingEdge/etc'
Using monoOptions --debugger-agent=transport=dt_socket,embedding=1,server=y,suspend=n,address=127.0.0.1:56756
Begin MonoManager ReloadAssembly
Registering precompiled unity dll's ...
Register platform support module: D:/apps/Unity/2020.2.0b14/Editor/Data/PlaybackEngines/WebGLSupport/UnityEditor.WebGL.Extensions.dll
Register platform support module: D:/apps/Unity/2020.2.0b14/Editor/Data/PlaybackEngines/WindowsStandaloneSupport/UnityEditor.WindowsStandalone.Extensions.dll
Registered in 0.001209 seconds.
Native extension for WindowsStandalone target not found
Native extension for WebGL target not found
Refreshing native plugins compatible for Editor in 45.62 ms, found 1 plugins.
Preloading 0 native plugins for Editor in 0.00 ms.
Invoked RoslynAnalysisRunner static constructor.
RoslynAnalysisRunner will not be running.
RoslynAnalysisRunner has terminated.
Mono: successfully reloaded assembly
- Completed reload, in 19.761 seconds
Platform modules already initialized, skipping
Registering precompiled user dll's ...
Registered in 0.014913 seconds.
