Using pre-set license
Built from '2020.2/staging' branch; Version is '2020.2.0b14 (dc0b50340a64) revision 14420816'; Using compiler version '192528614'; Build Type 'Release'
OS: 'Windows 10  (10.0.0) 64bit' Language: 'fr' Physical Memory: 6032 MB
BatchMode: 1, IsHumanControllingUs: 0, StartBugReporterOnCrash: 0, Is64bit: 1, IsPro: 0

 COMMAND LINE ARGUMENTS:
D:\apps\Unity\2020.2.0b14\Editor\Unity.exe
-adb2
-batchMode
-noUpm
-name
AssetImportWorker0
-projectPath
D:/projets/Unity/2d/unity-tilemap-experiments/tilemap-experiments
-logFile
Logs/AssetImportWorker0.log
-srvPort
51178
Successfully changed project path to: D:/projets/Unity/2d/unity-tilemap-experiments/tilemap-experiments
D:/projets/Unity/2d/unity-tilemap-experiments/tilemap-experiments
Using Asset Import Pipeline V2.
Refreshing native plugins compatible for Editor in 71.85 ms, found 1 plugins.
Preloading 0 native plugins for Editor in 0.00 ms.
Initialize engine version: 2020.2.0b14 (dc0b50340a64)
[Subsystems] Discovering subsystems at path D:/apps/Unity/2020.2.0b14/Editor/Data/Resources/UnitySubsystems
[Subsystems] Discovering subsystems at path D:/projets/Unity/2d/unity-tilemap-experiments/tilemap-experiments/Assets
GfxDevice: creating device client; threaded=0
Direct3D:
    Version:  Direct3D 11.0 [level 11.0]
    Renderer: NVIDIA GeForce GTX 950M (ID=0x139a)
    Vendor:   
    VRAM:     4065 MB
    Driver:   23.21.13.8857
Initialize mono
Mono path[0] = 'D:/apps/Unity/2020.2.0b14/Editor/Data/Managed'
Mono path[1] = 'D:/apps/Unity/2020.2.0b14/Editor/Data/MonoBleedingEdge/lib/mono/unityjit'
Mono config path = 'D:/apps/Unity/2020.2.0b14/Editor/Data/MonoBleedingEdge/etc'
Using monoOptions --debugger-agent=transport=dt_socket,embedding=1,server=y,suspend=n,address=127.0.0.1:56504
Begin MonoManager ReloadAssembly
Registering precompiled unity dll's ...
Register platform support module: D:/apps/Unity/2020.2.0b14/Editor/Data/PlaybackEngines/WebGLSupport/UnityEditor.WebGL.Extensions.dll
Register platform support module: D:/apps/Unity/2020.2.0b14/Editor/Data/PlaybackEngines/WindowsStandaloneSupport/UnityEditor.WindowsStandalone.Extensions.dll
Registered in 0.001142 seconds.
Native extension for WindowsStandalone target not found
Native extension for WebGL target not found
Refreshing native plugins compatible for Editor in 1226.00 ms, found 1 plugins.
Preloading 0 native plugins for Editor in 0.00 ms.
Invoked RoslynAnalysisRunner static constructor.
RoslynAnalysisRunner will not be running.
RoslynAnalysisRunner has terminated.
Mono: successfully reloaded assembly
- Completed reload, in  3.914 seconds
Platform modules already initialized, skipping
Registering precompiled user dll's ...
Registered in 0.001242 seconds.
Begin MonoManager ReloadAssembly
Error: Could not load signature of Unity.Android.Logcat.AndroidLogcat:.ctor due to: Could not load file or assembly 'UnityEditor.Android.Extensions, Version=1.0.0.0, Culture=neutral, PublicKeyToken=null' or one of its dependencies. assembly:UnityEditor.Android.Extensions, Version=1.0.0.0, Culture=neutral, PublicKeyToken=null type:<unknown type> member:(null) signature:<none>
0x00007ff772878d9c (Unity) StackWalker::GetCurrentCallstack
0x00007ff772881179 (Unity) StackWalker::ShowCallstack
0x00007ff773d4e7ec (Unity) GetStacktrace
0x00007ff774e06483 (Unity) DebugStringToFile
0x00007ff77269f98b (Unity) ScanForAttributesAndInterfaceImplementations
0x00007ff7726b30ca (Unity) MonoManager::EndReloadAssembly
0x00007ff7726ba449 (Unity) MonoManager::ReloadAssembly
0x00007ff773a5d7c1 (Unity) LoadDomainAndUserAssemblies
0x00007ff773a5dc77 (Unity) LoadUserAssemblies
0x00007ff7733e5916 (Unity) Application::InitializeProject
0x00007ff773d5bd82 (Unity) WinMain
0x00007ff775b9ac56 (Unity) __scrt_common_main_seh
0x00007ffa7a057c24 (KERNEL32) BaseThreadInitThunk
0x00007ffa7becd721 (ntdll) RtlUserThreadStart

Unloading broken assembly Library/ScriptAssemblies/Unity.Mobile.AndroidLogcat.Editor.dll, this assembly can cause crashes in the runtime
0x00007ff772878d9c (Unity) StackWalker::GetCurrentCallstack
0x00007ff772881179 (Unity) StackWalker::ShowCallstack
0x00007ff773d4e7ec (Unity) GetStacktrace
0x00007ff774e06483 (Unity) DebugStringToFile
0x00007ff7726bc020 (Unity) MonoManager::SetupLoadedEditorAssemblies
0x00007ff7726b341c (Unity) MonoManager::EndReloadAssembly
0x00007ff7726ba449 (Unity) MonoManager::ReloadAssembly
0x00007ff773a5d7c1 (Unity) LoadDomainAndUserAssemblies
0x00007ff773a5dc77 (Unity) LoadUserAssemblies
0x00007ff7733e5916 (Unity) Application::InitializeProject
0x00007ff773d5bd82 (Unity) WinMain
0x00007ff775b9ac56 (Unity) __scrt_common_main_seh
0x00007ffa7a057c24 (KERNEL32) BaseThreadInitThunk
0x00007ffa7becd721 (ntdll) RtlUserThreadStart

Native extension for WindowsStandalone target not found
Native extension for WebGL target not found
Refreshing native plugins compatible for Editor in 58.10 ms, found 1 plugins.
Preloading 0 native plugins for Editor in 0.00 ms.
Invoked RoslynAnalysisRunner static constructor.
RoslynAnalysisRunner will not be running.
RoslynAnalysisRunner has terminated.
Mono: successfully reloaded assembly
- Completed reload, in  4.565 seconds
Platform modules already initialized, skipping
========================================================================
Worker process is ready to serve import requests
Launched and connected shader compiler UnityShaderCompiler.exe after 0.07 seconds
Refreshing native plugins compatible for Editor in 0.78 ms, found 1 plugins.
Preloading 0 native plugins for Editor in 0.00 ms.
Unloading 1916 Unused Serialized files (Serialized files now loaded: 0)
System memory in use before: 89.3 MB.
System memory in use after: 89.4 MB.

Unloading 32 unused Assets to reduce memory usage. Loaded Objects now: 2349.
Total: 4.849800 ms (FindLiveObjects: 0.416100 ms CreateObjectMapping: 0.206500 ms MarkObjects: 4.103700 ms  DeleteObjects: 0.121400 ms)

========================================================================
Received Import Request.
  path: Assets/Tests
  artifactKey: Guid(d2ecd30f274895d4b9fdff1505876573) Importer(815301076,1909f56bfc062723c751e8b465ee728b)
Start importing Assets/Tests using Guid(d2ecd30f274895d4b9fdff1505876573) Importer(815301076,1909f56bfc062723c751e8b465ee728b)  -> (artifact id: 'd49655911db40ffcb94e7b78aa7d0da3') in 0.052257 seconds
  Import took 0.075951 seconds .

========================================================================
Received Prepare
Registering precompiled user dll's ...
Registered in 0.000741 seconds.
Begin MonoManager ReloadAssembly
Error: Could not load signature of Unity.Android.Logcat.AndroidLogcat:.ctor due to: Could not load file or assembly 'UnityEditor.Android.Extensions, Version=1.0.0.0, Culture=neutral, PublicKeyToken=null' or one of its dependencies. assembly:UnityEditor.Android.Extensions, Version=1.0.0.0, Culture=neutral, PublicKeyToken=null type:<unknown type> member:(null) signature:<none>
0x00007ff772878d9c (Unity) StackWalker::GetCurrentCallstack
0x00007ff772881179 (Unity) StackWalker::ShowCallstack
0x00007ff773d4e7ec (Unity) GetStacktrace
0x00007ff774e06483 (Unity) DebugStringToFile
0x00007ff77269f98b (Unity) ScanForAttributesAndInterfaceImplementations
0x00007ff7726b30ca (Unity) MonoManager::EndReloadAssembly
0x00007ff7726ba449 (Unity) MonoManager::ReloadAssembly
0x00007ff773a5d7c1 (Unity) LoadDomainAndUserAssemblies
0x00007ff773a5dc77 (Unity) LoadUserAssemblies
0x00007ff773e80b58 (Unity) <lambda_7a4e346ad56c093be607e8c3dc54f69c>::operator()
0x00007ff773f450a2 (Unity) asio::detail::completion_handler<core::mutable_function<void __cdecl(void)> >::do_complete
0x00007ff773f47200 (Unity) asio::detail::win_iocp_io_service::do_one
0x00007ff773f4a98e (Unity) asio::io_service::run
0x00007ff773ec6e40 (Unity) RunAssetImportWorkerClientV2
0x00007ff773ec6e90 (Unity) RunAssetImporterV2
0x00007ff7733e591b (Unity) Application::InitializeProject
0x00007ff773d5bd82 (Unity) WinMain
0x00007ff775b9ac56 (Unity) __scrt_common_main_seh
0x00007ffa7a057c24 (KERNEL32) BaseThreadInitThunk
0x00007ffa7becd721 (ntdll) RtlUserThreadStart

Unloading broken assembly Library/ScriptAssemblies/Unity.Mobile.AndroidLogcat.Editor.dll, this assembly can cause crashes in the runtime
0x00007ff772878d9c (Unity) StackWalker::GetCurrentCallstack
0x00007ff772881179 (Unity) StackWalker::ShowCallstack
0x00007ff773d4e7ec (Unity) GetStacktrace
0x00007ff774e06483 (Unity) DebugStringToFile
0x00007ff7726bc020 (Unity) MonoManager::SetupLoadedEditorAssemblies
0x00007ff7726b341c (Unity) MonoManager::EndReloadAssembly
0x00007ff7726ba449 (Unity) MonoManager::ReloadAssembly
0x00007ff773a5d7c1 (Unity) LoadDomainAndUserAssemblies
0x00007ff773a5dc77 (Unity) LoadUserAssemblies
0x00007ff773e80b58 (Unity) <lambda_7a4e346ad56c093be607e8c3dc54f69c>::operator()
0x00007ff773f450a2 (Unity) asio::detail::completion_handler<core::mutable_function<void __cdecl(void)> >::do_complete
0x00007ff773f47200 (Unity) asio::detail::win_iocp_io_service::do_one
0x00007ff773f4a98e (Unity) asio::io_service::run
0x00007ff773ec6e40 (Unity) RunAssetImportWorkerClientV2
0x00007ff773ec6e90 (Unity) RunAssetImporterV2
0x00007ff7733e591b (Unity) Application::InitializeProject
0x00007ff773d5bd82 (Unity) WinMain
0x00007ff775b9ac56 (Unity) __scrt_common_main_seh
0x00007ffa7a057c24 (KERNEL32) BaseThreadInitThunk
0x00007ffa7becd721 (ntdll) RtlUserThreadStart

Native extension for WindowsStandalone target not found
Native extension for WebGL target not found
Refreshing native plugins compatible for Editor in 0.71 ms, found 1 plugins.
Preloading 0 native plugins for Editor in 0.00 ms.
Invoked RoslynAnalysisRunner static constructor.
RoslynAnalysisRunner will not be running.
RoslynAnalysisRunner has terminated.
Mono: successfully reloaded assembly
- Completed reload, in  1.269 seconds
Platform modules already initialized, skipping
Refreshing native plugins compatible for Editor in 0.67 ms, found 1 plugins.
Preloading 0 native plugins for Editor in 0.00 ms.
Unloading 1896 Unused Serialized files (Serialized files now loaded: 0)
System memory in use before: 88.0 MB.
System memory in use after: 88.1 MB.

Unloading 21 unused Assets to reduce memory usage. Loaded Objects now: 2351.
Total: 2.915200 ms (FindLiveObjects: 0.578600 ms CreateObjectMapping: 0.083200 ms MarkObjects: 2.223400 ms  DeleteObjects: 0.028900 ms)

========================================================================
Received Import Request.
  Time since last request: 8.257086 seconds.
  path: Assets/Tests/Tests.asmdef
  artifactKey: Guid(30bd00c67c0639242a4a8789888988e6) Importer(815301076,1909f56bfc062723c751e8b465ee728b)
Start importing Assets/Tests/Tests.asmdef using Guid(30bd00c67c0639242a4a8789888988e6) Importer(815301076,1909f56bfc062723c751e8b465ee728b)  -> (artifact id: '0bd95e87cbb8ada8e8d97b0b454fabb0') in 0.054038 seconds
  Import took 0.076527 seconds .

========================================================================
Received Import Request.
  Time since last request: 0.005716 seconds.
  path: Assets/Tests/Tests.asmdef
  artifactKey: Guid(30bd00c67c0639242a4a8789888988e6) Importer(815301076,1909f56bfc062723c751e8b465ee728b)
Start importing Assets/Tests/Tests.asmdef using Guid(30bd00c67c0639242a4a8789888988e6) Importer(815301076,1909f56bfc062723c751e8b465ee728b)  -> (artifact id: '0bd95e87cbb8ada8e8d97b0b454fabb0') in 0.002113 seconds
  Import took 0.005400 seconds .

========================================================================
Received Import Request.
  Time since last request: 114.546508 seconds.
  path: Assets/Tests 1
  artifactKey: Guid(842df107863f8764da77a7bef6db3a34) Importer(815301076,1909f56bfc062723c751e8b465ee728b)
Start importing Assets/Tests 1 using Guid(842df107863f8764da77a7bef6db3a34) Importer(815301076,1909f56bfc062723c751e8b465ee728b)  -> (artifact id: 'e5e85358d1e315c3b9798dd8061e879b') in 0.008142 seconds
  Import took 0.030933 seconds .

========================================================================
Received Prepare
Registering precompiled user dll's ...
Registered in 0.000812 seconds.
Begin MonoManager ReloadAssembly
Error: Could not load signature of Unity.Android.Logcat.AndroidLogcat:.ctor due to: Could not load file or assembly 'UnityEditor.Android.Extensions, Version=1.0.0.0, Culture=neutral, PublicKeyToken=null' or one of its dependencies. assembly:UnityEditor.Android.Extensions, Version=1.0.0.0, Culture=neutral, PublicKeyToken=null type:<unknown type> member:(null) signature:<none>
0x00007ff772878d9c (Unity) StackWalker::GetCurrentCallstack
0x00007ff772881179 (Unity) StackWalker::ShowCallstack
0x00007ff773d4e7ec (Unity) GetStacktrace
0x00007ff774e06483 (Unity) DebugStringToFile
0x00007ff77269f98b (Unity) ScanForAttributesAndInterfaceImplementations
0x00007ff7726b30ca (Unity) MonoManager::EndReloadAssembly
0x00007ff7726ba449 (Unity) MonoManager::ReloadAssembly
0x00007ff773a5d7c1 (Unity) LoadDomainAndUserAssemblies
0x00007ff773a5dc77 (Unity) LoadUserAssemblies
0x00007ff773e80b58 (Unity) <lambda_7a4e346ad56c093be607e8c3dc54f69c>::operator()
0x00007ff773f450a2 (Unity) asio::detail::completion_handler<core::mutable_function<void __cdecl(void)> >::do_complete
0x00007ff773f47200 (Unity) asio::detail::win_iocp_io_service::do_one
0x00007ff773f4a98e (Unity) asio::io_service::run
0x00007ff773ec6e40 (Unity) RunAssetImportWorkerClientV2
0x00007ff773ec6e90 (Unity) RunAssetImporterV2
0x00007ff7733e591b (Unity) Application::InitializeProject
0x00007ff773d5bd82 (Unity) WinMain
0x00007ff775b9ac56 (Unity) __scrt_common_main_seh
0x00007ffa7a057c24 (KERNEL32) BaseThreadInitThunk
0x00007ffa7becd721 (ntdll) RtlUserThreadStart

Unloading broken assembly Library/ScriptAssemblies/Unity.Mobile.AndroidLogcat.Editor.dll, this assembly can cause crashes in the runtime
0x00007ff772878d9c (Unity) StackWalker::GetCurrentCallstack
0x00007ff772881179 (Unity) StackWalker::ShowCallstack
0x00007ff773d4e7ec (Unity) GetStacktrace
0x00007ff774e06483 (Unity) DebugStringToFile
0x00007ff7726bc020 (Unity) MonoManager::SetupLoadedEditorAssemblies
0x00007ff7726b341c (Unity) MonoManager::EndReloadAssembly
0x00007ff7726ba449 (Unity) MonoManager::ReloadAssembly
0x00007ff773a5d7c1 (Unity) LoadDomainAndUserAssemblies
0x00007ff773a5dc77 (Unity) LoadUserAssemblies
0x00007ff773e80b58 (Unity) <lambda_7a4e346ad56c093be607e8c3dc54f69c>::operator()
0x00007ff773f450a2 (Unity) asio::detail::completion_handler<core::mutable_function<void __cdecl(void)> >::do_complete
0x00007ff773f47200 (Unity) asio::detail::win_iocp_io_service::do_one
0x00007ff773f4a98e (Unity) asio::io_service::run
0x00007ff773ec6e40 (Unity) RunAssetImportWorkerClientV2
0x00007ff773ec6e90 (Unity) RunAssetImporterV2
0x00007ff7733e591b (Unity) Application::InitializeProject
0x00007ff773d5bd82 (Unity) WinMain
0x00007ff775b9ac56 (Unity) __scrt_common_main_seh
0x00007ffa7a057c24 (KERNEL32) BaseThreadInitThunk
0x00007ffa7becd721 (ntdll) RtlUserThreadStart

Native extension for WindowsStandalone target not found
Native extension for WebGL target not found
Refreshing native plugins compatible for Editor in 0.57 ms, found 1 plugins.
Preloading 0 native plugins for Editor in 0.00 ms.
Invoked RoslynAnalysisRunner static constructor.
RoslynAnalysisRunner will not be running.
RoslynAnalysisRunner has terminated.
Mono: successfully reloaded assembly
- Completed reload, in  1.022 seconds
Platform modules already initialized, skipping
Refreshing native plugins compatible for Editor in 0.59 ms, found 1 plugins.
Preloading 0 native plugins for Editor in 0.00 ms.
Unloading 1897 Unused Serialized files (Serialized files now loaded: 0)
System memory in use before: 88.4 MB.
System memory in use after: 88.6 MB.

Unloading 21 unused Assets to reduce memory usage. Loaded Objects now: 2353.
Total: 2.918300 ms (FindLiveObjects: 0.349100 ms CreateObjectMapping: 0.251200 ms MarkObjects: 2.293900 ms  DeleteObjects: 0.022700 ms)

========================================================================
Received Import Request.
  Time since last request: 31.543554 seconds.
  path: Assets/Tests/RoomRandomizerTests.cs
  artifactKey: Guid(5b835ffb196edbf40ad5d3c0f808c4f9) Importer(815301076,1909f56bfc062723c751e8b465ee728b)
Start importing Assets/Tests/RoomRandomizerTests.cs using Guid(5b835ffb196edbf40ad5d3c0f808c4f9) Importer(815301076,1909f56bfc062723c751e8b465ee728b)  -> (artifact id: '75dde75bd22f530b3b6b88261760467a') in 0.147719 seconds
  Import took 0.161526 seconds .

========================================================================
Received Prepare
Registering precompiled user dll's ...
Registered in 0.000840 seconds.
Begin MonoManager ReloadAssembly
Error: Could not load signature of Unity.Android.Logcat.AndroidLogcat:.ctor due to: Could not load file or assembly 'UnityEditor.Android.Extensions, Version=1.0.0.0, Culture=neutral, PublicKeyToken=null' or one of its dependencies. assembly:UnityEditor.Android.Extensions, Version=1.0.0.0, Culture=neutral, PublicKeyToken=null type:<unknown type> member:(null) signature:<none>
0x00007ff772878d9c (Unity) StackWalker::GetCurrentCallstack
0x00007ff772881179 (Unity) StackWalker::ShowCallstack
0x00007ff773d4e7ec (Unity) GetStacktrace
0x00007ff774e06483 (Unity) DebugStringToFile
0x00007ff77269f98b (Unity) ScanForAttributesAndInterfaceImplementations
0x00007ff7726b30ca (Unity) MonoManager::EndReloadAssembly
0x00007ff7726ba449 (Unity) MonoManager::ReloadAssembly
0x00007ff773a5d7c1 (Unity) LoadDomainAndUserAssemblies
0x00007ff773a5dc77 (Unity) LoadUserAssemblies
0x00007ff773e80b58 (Unity) <lambda_7a4e346ad56c093be607e8c3dc54f69c>::operator()
0x00007ff773f450a2 (Unity) asio::detail::completion_handler<core::mutable_function<void __cdecl(void)> >::do_complete
0x00007ff773f47200 (Unity) asio::detail::win_iocp_io_service::do_one
0x00007ff773f4a98e (Unity) asio::io_service::run
0x00007ff773ec6e40 (Unity) RunAssetImportWorkerClientV2
0x00007ff773ec6e90 (Unity) RunAssetImporterV2
0x00007ff7733e591b (Unity) Application::InitializeProject
0x00007ff773d5bd82 (Unity) WinMain
0x00007ff775b9ac56 (Unity) __scrt_common_main_seh
0x00007ffa7a057c24 (KERNEL32) BaseThreadInitThunk
0x00007ffa7becd721 (ntdll) RtlUserThreadStart

Unloading broken assembly Library/ScriptAssemblies/Unity.Mobile.AndroidLogcat.Editor.dll, this assembly can cause crashes in the runtime
0x00007ff772878d9c (Unity) StackWalker::GetCurrentCallstack
0x00007ff772881179 (Unity) StackWalker::ShowCallstack
0x00007ff773d4e7ec (Unity) GetStacktrace
0x00007ff774e06483 (Unity) DebugStringToFile
0x00007ff7726bc020 (Unity) MonoManager::SetupLoadedEditorAssemblies
0x00007ff7726b341c (Unity) MonoManager::EndReloadAssembly
0x00007ff7726ba449 (Unity) MonoManager::ReloadAssembly
0x00007ff773a5d7c1 (Unity) LoadDomainAndUserAssemblies
0x00007ff773a5dc77 (Unity) LoadUserAssemblies
0x00007ff773e80b58 (Unity) <lambda_7a4e346ad56c093be607e8c3dc54f69c>::operator()
0x00007ff773f450a2 (Unity) asio::detail::completion_handler<core::mutable_function<void __cdecl(void)> >::do_complete
0x00007ff773f47200 (Unity) asio::detail::win_iocp_io_service::do_one
0x00007ff773f4a98e (Unity) asio::io_service::run
0x00007ff773ec6e40 (Unity) RunAssetImportWorkerClientV2
0x00007ff773ec6e90 (Unity) RunAssetImporterV2
0x00007ff7733e591b (Unity) Application::InitializeProject
0x00007ff773d5bd82 (Unity) WinMain
0x00007ff775b9ac56 (Unity) __scrt_common_main_seh
0x00007ffa7a057c24 (KERNEL32) BaseThreadInitThunk
0x00007ffa7becd721 (ntdll) RtlUserThreadStart

Native extension for WindowsStandalone target not found
Native extension for WebGL target not found
Refreshing native plugins compatible for Editor in 0.61 ms, found 1 plugins.
Preloading 0 native plugins for Editor in 0.00 ms.
Invoked RoslynAnalysisRunner static constructor.
RoslynAnalysisRunner will not be running.
RoslynAnalysisRunner has terminated.
Mono: successfully reloaded assembly
- Completed reload, in  1.029 seconds
Platform modules already initialized, skipping
Refreshing native plugins compatible for Editor in 0.60 ms, found 1 plugins.
Preloading 0 native plugins for Editor in 0.00 ms.
Unloading 1898 Unused Serialized files (Serialized files now loaded: 0)
System memory in use before: 88.6 MB.
System memory in use after: 88.8 MB.

Unloading 21 unused Assets to reduce memory usage. Loaded Objects now: 2356.
Total: 2.470100 ms (FindLiveObjects: 0.263200 ms CreateObjectMapping: 0.090900 ms MarkObjects: 2.095600 ms  DeleteObjects: 0.019400 ms)

========================================================================
Received Import Request.
  Time since last request: 238.348524 seconds.
  path: Assets/Tests/RoomRandomizerTests.cs
  artifactKey: Guid(5b835ffb196edbf40ad5d3c0f808c4f9) Importer(815301076,1909f56bfc062723c751e8b465ee728b)
Start importing Assets/Tests/RoomRandomizerTests.cs using Guid(5b835ffb196edbf40ad5d3c0f808c4f9) Importer(815301076,1909f56bfc062723c751e8b465ee728b)  -> (artifact id: '566975a38f452b627fc610c0fce370c2') in 0.013326 seconds
  Import took 0.018733 seconds .

========================================================================
Received Import Request.
  Time since last request: 0.001561 seconds.
  path: Assets/Tests/RoomRandomizerTests.cs
  artifactKey: Guid(5b835ffb196edbf40ad5d3c0f808c4f9) Importer(815301076,1909f56bfc062723c751e8b465ee728b)
Start importing Assets/Tests/RoomRandomizerTests.cs using Guid(5b835ffb196edbf40ad5d3c0f808c4f9) Importer(815301076,1909f56bfc062723c751e8b465ee728b)  -> (artifact id: '566975a38f452b627fc610c0fce370c2') in 0.002126 seconds
  Import took 0.005792 seconds .

========================================================================
Received Import Request.
  Time since last request: 55.554941 seconds.
  path: Assets/Tests/RoomRandomizerTests.cs
  artifactKey: Guid(5b835ffb196edbf40ad5d3c0f808c4f9) Importer(815301076,1909f56bfc062723c751e8b465ee728b)
Start importing Assets/Tests/RoomRandomizerTests.cs using Guid(5b835ffb196edbf40ad5d3c0f808c4f9) Importer(815301076,1909f56bfc062723c751e8b465ee728b)  -> (artifact id: 'e6b83909f0cfc7c61404ff2dbae5b10d') in 0.002364 seconds
  Import took 0.006910 seconds .

AssetImportWorkerClient::OnTransportError - code=2 error=End of file
